{"/home/lucian/Documents/CA/SDP/witsgo/src/config/connectDB.js": {"path":"/home/lucian/Documents/CA/SDP/witsgo/src/config/connectDB.js","statementMap":{"0":{"start":{"line":1,"column":17},"end":{"line":1,"column":36}},"1":{"start":{"line":3,"column":0},"end":{"line":3,"column":26}},"2":{"start":{"line":7,"column":22},"end":{"line":7,"column":48}},"3":{"start":{"line":9,"column":26},"end":{"line":9,"column":48}},"4":{"start":{"line":10,"column":23},"end":{"line":10,"column":71}},"5":{"start":{"line":12,"column":35},"end":{"line":12,"column":66}},"6":{"start":{"line":13,"column":32},"end":{"line":13,"column":89}},"7":{"start":{"line":15,"column":25},"end":{"line":15,"column":46}},"8":{"start":{"line":16,"column":22},"end":{"line":16,"column":69}},"9":{"start":{"line":18,"column":32},"end":{"line":18,"column":60}},"10":{"start":{"line":19,"column":29},"end":{"line":19,"column":83}},"11":{"start":{"line":21,"column":28},"end":{"line":21,"column":59}},"12":{"start":{"line":22,"column":25},"end":{"line":22,"column":75}},"13":{"start":{"line":24,"column":35},"end":{"line":24,"column":67}},"14":{"start":{"line":25,"column":32},"end":{"line":25,"column":89}},"15":{"start":{"line":29,"column":0},"end":{"line":29,"column":99}},"16":{"start":{"line":29,"column":41},"end":{"line":29,"column":96}},"17":{"start":{"line":30,"column":0},"end":{"line":30,"column":118}},"18":{"start":{"line":30,"column":50},"end":{"line":30,"column":115}},"19":{"start":{"line":31,"column":0},"end":{"line":31,"column":103}},"20":{"start":{"line":31,"column":43},"end":{"line":31,"column":100}},"21":{"start":{"line":32,"column":0},"end":{"line":32,"column":117}},"22":{"start":{"line":32,"column":50},"end":{"line":32,"column":114}},"23":{"start":{"line":33,"column":0},"end":{"line":33,"column":97}},"24":{"start":{"line":33,"column":40},"end":{"line":33,"column":94}},"25":{"start":{"line":34,"column":0},"end":{"line":34,"column":112}},"26":{"start":{"line":34,"column":47},"end":{"line":34,"column":109}},"27":{"start":{"line":36,"column":0},"end":{"line":36,"column":103}},"28":{"start":{"line":36,"column":40},"end":{"line":36,"column":100}},"29":{"start":{"line":37,"column":0},"end":{"line":37,"column":122}},"30":{"start":{"line":37,"column":49},"end":{"line":37,"column":119}},"31":{"start":{"line":38,"column":0},"end":{"line":38,"column":107}},"32":{"start":{"line":38,"column":42},"end":{"line":38,"column":104}},"33":{"start":{"line":39,"column":0},"end":{"line":39,"column":121}},"34":{"start":{"line":39,"column":49},"end":{"line":39,"column":118}},"35":{"start":{"line":40,"column":0},"end":{"line":40,"column":101}},"36":{"start":{"line":40,"column":39},"end":{"line":40,"column":98}},"37":{"start":{"line":41,"column":0},"end":{"line":41,"column":116}},"38":{"start":{"line":41,"column":46},"end":{"line":41,"column":113}},"39":{"start":{"line":43,"column":0},"end":{"line":43,"column":87}},"40":{"start":{"line":43,"column":42},"end":{"line":43,"column":84}},"41":{"start":{"line":44,"column":0},"end":{"line":44,"column":106}},"42":{"start":{"line":44,"column":51},"end":{"line":44,"column":103}},"43":{"start":{"line":45,"column":0},"end":{"line":45,"column":91}},"44":{"start":{"line":45,"column":44},"end":{"line":45,"column":88}},"45":{"start":{"line":46,"column":0},"end":{"line":46,"column":105}},"46":{"start":{"line":46,"column":51},"end":{"line":46,"column":102}},"47":{"start":{"line":47,"column":0},"end":{"line":47,"column":85}},"48":{"start":{"line":47,"column":41},"end":{"line":47,"column":82}},"49":{"start":{"line":48,"column":0},"end":{"line":48,"column":100}},"50":{"start":{"line":48,"column":48},"end":{"line":48,"column":97}},"51":{"start":{"line":51,"column":0},"end":{"line":59,"column":1}}},"fnMap":{"0":{"name":"(anonymous_0)","decl":{"start":{"line":29,"column":33},"end":{"line":29,"column":34}},"loc":{"start":{"line":29,"column":39},"end":{"line":29,"column":98}},"line":29},"1":{"name":"(anonymous_1)","decl":{"start":{"line":30,"column":42},"end":{"line":30,"column":43}},"loc":{"start":{"line":30,"column":48},"end":{"line":30,"column":117}},"line":30},"2":{"name":"(anonymous_2)","decl":{"start":{"line":31,"column":35},"end":{"line":31,"column":36}},"loc":{"start":{"line":31,"column":41},"end":{"line":31,"column":102}},"line":31},"3":{"name":"(anonymous_3)","decl":{"start":{"line":32,"column":42},"end":{"line":32,"column":43}},"loc":{"start":{"line":32,"column":48},"end":{"line":32,"column":116}},"line":32},"4":{"name":"(anonymous_4)","decl":{"start":{"line":33,"column":32},"end":{"line":33,"column":33}},"loc":{"start":{"line":33,"column":38},"end":{"line":33,"column":96}},"line":33},"5":{"name":"(anonymous_5)","decl":{"start":{"line":34,"column":39},"end":{"line":34,"column":40}},"loc":{"start":{"line":34,"column":45},"end":{"line":34,"column":111}},"line":34},"6":{"name":"(anonymous_6)","decl":{"start":{"line":36,"column":27},"end":{"line":36,"column":28}},"loc":{"start":{"line":36,"column":38},"end":{"line":36,"column":102}},"line":36},"7":{"name":"(anonymous_7)","decl":{"start":{"line":37,"column":36},"end":{"line":37,"column":37}},"loc":{"start":{"line":37,"column":47},"end":{"line":37,"column":121}},"line":37},"8":{"name":"(anonymous_8)","decl":{"start":{"line":38,"column":29},"end":{"line":38,"column":30}},"loc":{"start":{"line":38,"column":40},"end":{"line":38,"column":106}},"line":38},"9":{"name":"(anonymous_9)","decl":{"start":{"line":39,"column":36},"end":{"line":39,"column":37}},"loc":{"start":{"line":39,"column":47},"end":{"line":39,"column":120}},"line":39},"10":{"name":"(anonymous_10)","decl":{"start":{"line":40,"column":26},"end":{"line":40,"column":27}},"loc":{"start":{"line":40,"column":37},"end":{"line":40,"column":100}},"line":40},"11":{"name":"(anonymous_11)","decl":{"start":{"line":41,"column":33},"end":{"line":41,"column":34}},"loc":{"start":{"line":41,"column":44},"end":{"line":41,"column":115}},"line":41},"12":{"name":"(anonymous_12)","decl":{"start":{"line":43,"column":34},"end":{"line":43,"column":35}},"loc":{"start":{"line":43,"column":40},"end":{"line":43,"column":86}},"line":43},"13":{"name":"(anonymous_13)","decl":{"start":{"line":44,"column":43},"end":{"line":44,"column":44}},"loc":{"start":{"line":44,"column":49},"end":{"line":44,"column":105}},"line":44},"14":{"name":"(anonymous_14)","decl":{"start":{"line":45,"column":36},"end":{"line":45,"column":37}},"loc":{"start":{"line":45,"column":42},"end":{"line":45,"column":90}},"line":45},"15":{"name":"(anonymous_15)","decl":{"start":{"line":46,"column":43},"end":{"line":46,"column":44}},"loc":{"start":{"line":46,"column":49},"end":{"line":46,"column":104}},"line":46},"16":{"name":"(anonymous_16)","decl":{"start":{"line":47,"column":33},"end":{"line":47,"column":34}},"loc":{"start":{"line":47,"column":39},"end":{"line":47,"column":84}},"line":47},"17":{"name":"(anonymous_17)","decl":{"start":{"line":48,"column":40},"end":{"line":48,"column":41}},"loc":{"start":{"line":48,"column":46},"end":{"line":48,"column":99}},"line":48}},"branchMap":{},"s":{"0":3,"1":3,"2":3,"3":3,"4":3,"5":3,"6":3,"7":3,"8":3,"9":3,"10":3,"11":3,"12":3,"13":3,"14":3,"15":3,"16":0,"17":3,"18":0,"19":3,"20":0,"21":3,"22":0,"23":3,"24":0,"25":3,"26":0,"27":3,"28":0,"29":3,"30":0,"31":3,"32":0,"33":3,"34":0,"35":3,"36":0,"37":3,"38":0,"39":3,"40":0,"41":3,"42":0,"43":3,"44":0,"45":3,"46":0,"47":3,"48":0,"49":3,"50":0,"51":3},"f":{"0":0,"1":0,"2":0,"3":0,"4":0,"5":0,"6":0,"7":0,"8":0,"9":0,"10":0,"11":0,"12":0,"13":0,"14":0,"15":0,"16":0,"17":0},"b":{},"_coverageSchema":"1a1c01bbd47fc00a2c39e90264f33305004495a9","hash":"ceadc1c09f2463cda23093ce8385fc083bd113b9"}
,"/home/lucian/Documents/CA/SDP/witsgo/src/controllers/Accessibility/LocationController.js": {"path":"/home/lucian/Documents/CA/SDP/witsgo/src/controllers/Accessibility/LocationController.js","statementMap":{"0":{"start":{"line":1,"column":17},"end":{"line":1,"column":63}},"1":{"start":{"line":3,"column":27},"end":{"line":55,"column":1}},"2":{"start":{"line":5,"column":8},"end":{"line":11,"column":9}},"3":{"start":{"line":6,"column":24},"end":{"line":6,"column":52}},"4":{"start":{"line":7,"column":12},"end":{"line":7,"column":32}},"5":{"start":{"line":9,"column":12},"end":{"line":9,"column":71}},"6":{"start":{"line":10,"column":12},"end":{"line":10,"column":25}},"7":{"start":{"line":15,"column":8},"end":{"line":25,"column":9}},"8":{"start":{"line":16,"column":24},"end":{"line":16,"column":50}},"9":{"start":{"line":17,"column":12},"end":{"line":21,"column":13}},"10":{"start":{"line":18,"column":16},"end":{"line":18,"column":52}},"11":{"start":{"line":20,"column":16},"end":{"line":20,"column":79}},"12":{"start":{"line":23,"column":12},"end":{"line":23,"column":60}},"13":{"start":{"line":24,"column":12},"end":{"line":24,"column":65}},"14":{"start":{"line":29,"column":8},"end":{"line":35,"column":9}},"15":{"start":{"line":30,"column":24},"end":{"line":30,"column":50}},"16":{"start":{"line":31,"column":12},"end":{"line":31,"column":48}},"17":{"start":{"line":33,"column":12},"end":{"line":33,"column":60}},"18":{"start":{"line":34,"column":12},"end":{"line":34,"column":65}},"19":{"start":{"line":39,"column":8},"end":{"line":53,"column":9}},"20":{"start":{"line":40,"column":24},"end":{"line":44,"column":13}},"21":{"start":{"line":45,"column":12},"end":{"line":49,"column":13}},"22":{"start":{"line":46,"column":16},"end":{"line":46,"column":52}},"23":{"start":{"line":48,"column":16},"end":{"line":48,"column":79}},"24":{"start":{"line":51,"column":12},"end":{"line":51,"column":59}},"25":{"start":{"line":52,"column":12},"end":{"line":52,"column":65}},"26":{"start":{"line":57,"column":0},"end":{"line":57,"column":36}}},"fnMap":{"0":{"name":"(anonymous_0)","decl":{"start":{"line":4,"column":4},"end":{"line":4,"column":5}},"loc":{"start":{"line":4,"column":24},"end":{"line":12,"column":5}},"line":4},"1":{"name":"(anonymous_1)","decl":{"start":{"line":14,"column":4},"end":{"line":14,"column":5}},"loc":{"start":{"line":14,"column":24},"end":{"line":26,"column":5}},"line":14},"2":{"name":"(anonymous_2)","decl":{"start":{"line":28,"column":4},"end":{"line":28,"column":5}},"loc":{"start":{"line":28,"column":28},"end":{"line":36,"column":5}},"line":28},"3":{"name":"(anonymous_3)","decl":{"start":{"line":38,"column":4},"end":{"line":38,"column":5}},"loc":{"start":{"line":38,"column":21},"end":{"line":54,"column":5}},"line":38}},"branchMap":{"0":{"loc":{"start":{"line":17,"column":12},"end":{"line":21,"column":13}},"type":"if","locations":[{"start":{"line":17,"column":12},"end":{"line":21,"column":13}},{"start":{"line":19,"column":19},"end":{"line":21,"column":13}}],"line":17},"1":{"loc":{"start":{"line":45,"column":12},"end":{"line":49,"column":13}},"type":"if","locations":[{"start":{"line":45,"column":12},"end":{"line":49,"column":13}},{"start":{"line":47,"column":19},"end":{"line":49,"column":13}}],"line":45}},"s":{"0":1,"1":1,"2":3,"3":3,"4":2,"5":1,"6":1,"7":3,"8":3,"9":2,"10":1,"11":1,"12":1,"13":1,"14":2,"15":2,"16":1,"17":1,"18":1,"19":3,"20":3,"21":2,"22":1,"23":1,"24":1,"25":1,"26":1},"f":{"0":3,"1":3,"2":2,"3":3},"b":{"0":[1,1],"1":[1,1]},"_coverageSchema":"1a1c01bbd47fc00a2c39e90264f33305004495a9","hash":"082a9fd8a6b113601a32a301e403992642cec6fd"}
,"/home/lucian/Documents/CA/SDP/witsgo/src/controllers/Map/BuildingController.js": {"path":"/home/lucian/Documents/CA/SDP/witsgo/src/controllers/Map/BuildingController.js","statementMap":{"0":{"start":{"line":1,"column":17},"end":{"line":1,"column":53}},"1":{"start":{"line":3,"column":27},"end":{"line":65,"column":1}},"2":{"start":{"line":5,"column":8},"end":{"line":11,"column":9}},"3":{"start":{"line":6,"column":24},"end":{"line":6,"column":52}},"4":{"start":{"line":7,"column":12},"end":{"line":7,"column":32}},"5":{"start":{"line":9,"column":12},"end":{"line":9,"column":71}},"6":{"start":{"line":10,"column":12},"end":{"line":10,"column":25}},"7":{"start":{"line":15,"column":8},"end":{"line":25,"column":9}},"8":{"start":{"line":16,"column":24},"end":{"line":16,"column":50}},"9":{"start":{"line":17,"column":12},"end":{"line":21,"column":13}},"10":{"start":{"line":18,"column":16},"end":{"line":18,"column":52}},"11":{"start":{"line":20,"column":16},"end":{"line":20,"column":79}},"12":{"start":{"line":23,"column":12},"end":{"line":23,"column":63}},"13":{"start":{"line":24,"column":12},"end":{"line":24,"column":66}},"14":{"start":{"line":29,"column":8},"end":{"line":52,"column":9}},"15":{"start":{"line":30,"column":24},"end":{"line":42,"column":13}},"16":{"start":{"line":44,"column":12},"end":{"line":46,"column":13}},"17":{"start":{"line":45,"column":16},"end":{"line":45,"column":71}},"18":{"start":{"line":48,"column":12},"end":{"line":48,"column":48}},"19":{"start":{"line":50,"column":12},"end":{"line":50,"column":74}},"20":{"start":{"line":51,"column":12},"end":{"line":51,"column":65}},"21":{"start":{"line":56,"column":8},"end":{"line":63,"column":9}},"22":{"start":{"line":57,"column":32},"end":{"line":57,"column":49}},"23":{"start":{"line":58,"column":34},"end":{"line":58,"column":58}},"24":{"start":{"line":59,"column":12},"end":{"line":59,"column":58}},"25":{"start":{"line":61,"column":12},"end":{"line":61,"column":60}},"26":{"start":{"line":62,"column":12},"end":{"line":62,"column":65}},"27":{"start":{"line":67,"column":0},"end":{"line":67,"column":36}}},"fnMap":{"0":{"name":"(anonymous_0)","decl":{"start":{"line":4,"column":4},"end":{"line":4,"column":5}},"loc":{"start":{"line":4,"column":23},"end":{"line":12,"column":5}},"line":4},"1":{"name":"(anonymous_1)","decl":{"start":{"line":14,"column":4},"end":{"line":14,"column":5}},"loc":{"start":{"line":14,"column":24},"end":{"line":26,"column":5}},"line":14},"2":{"name":"(anonymous_2)","decl":{"start":{"line":28,"column":4},"end":{"line":28,"column":5}},"loc":{"start":{"line":28,"column":21},"end":{"line":53,"column":5}},"line":28},"3":{"name":"(anonymous_3)","decl":{"start":{"line":55,"column":4},"end":{"line":55,"column":5}},"loc":{"start":{"line":55,"column":28},"end":{"line":64,"column":5}},"line":55}},"branchMap":{"0":{"loc":{"start":{"line":17,"column":12},"end":{"line":21,"column":13}},"type":"if","locations":[{"start":{"line":17,"column":12},"end":{"line":21,"column":13}},{"start":{"line":19,"column":19},"end":{"line":21,"column":13}}],"line":17},"1":{"loc":{"start":{"line":44,"column":12},"end":{"line":46,"column":13}},"type":"if","locations":[{"start":{"line":44,"column":12},"end":{"line":46,"column":13}},{"start":{},"end":{}}],"line":44}},"s":{"0":1,"1":1,"2":3,"3":3,"4":2,"5":1,"6":1,"7":3,"8":3,"9":2,"10":1,"11":1,"12":1,"13":1,"14":3,"15":3,"16":2,"17":1,"18":1,"19":1,"20":1,"21":2,"22":2,"23":2,"24":1,"25":1,"26":1,"27":1},"f":{"0":3,"1":3,"2":3,"3":2},"b":{"0":[1,1],"1":[1,1]},"_coverageSchema":"1a1c01bbd47fc00a2c39e90264f33305004495a9","hash":"93a4a5e5f203fbe960ea7c40e5eb681ed65cbfc0"}
,"/home/lucian/Documents/CA/SDP/witsgo/src/misc/generateUUID.js": {"path":"/home/lucian/Documents/CA/SDP/witsgo/src/misc/generateUUID.js","statementMap":{"0":{"start":{"line":1,"column":23},"end":{"line":1,"column":38}},"1":{"start":{"line":4,"column":4},"end":{"line":4,"column":54}},"2":{"start":{"line":7,"column":0},"end":{"line":7,"column":34}}},"fnMap":{"0":{"name":"generateShortUUID","decl":{"start":{"line":3,"column":9},"end":{"line":3,"column":26}},"loc":{"start":{"line":3,"column":29},"end":{"line":5,"column":1}},"line":3}},"branchMap":{},"s":{"0":1,"1":0,"2":1},"f":{"0":0},"b":{},"_coverageSchema":"1a1c01bbd47fc00a2c39e90264f33305004495a9","hash":"06d33c425bfd039014746384b36808472f1b6ce8"}
,"/home/lucian/Documents/CA/SDP/witsgo/src/models/Accessibility/location.js": {"path":"/home/lucian/Documents/CA/SDP/witsgo/src/models/Accessibility/location.js","statementMap":{"0":{"start":{"line":1,"column":17},"end":{"line":1,"column":36}},"1":{"start":{"line":2,"column":36},"end":{"line":2,"column":69}},"2":{"start":{"line":4,"column":23},"end":{"line":33,"column":2}},"3":{"start":{"line":35,"column":17},"end":{"line":35,"column":74}},"4":{"start":{"line":37,"column":0},"end":{"line":37,"column":26}}},"fnMap":{},"branchMap":{},"s":{"0":1,"1":1,"2":1,"3":1,"4":1},"f":{},"b":{},"_coverageSchema":"1a1c01bbd47fc00a2c39e90264f33305004495a9","hash":"dd06ec9f0ba21962f8bb1ff6c707c402852c213e"}
,"/home/lucian/Documents/CA/SDP/witsgo/src/models/Map/building.js": {"path":"/home/lucian/Documents/CA/SDP/witsgo/src/models/Map/building.js","statementMap":{"0":{"start":{"line":1,"column":17},"end":{"line":1,"column":36}},"1":{"start":{"line":2,"column":26},"end":{"line":2,"column":59}},"2":{"start":{"line":3,"column":21},"end":{"line":3,"column":55}},"3":{"start":{"line":6,"column":23},"end":{"line":42,"column":2}},"4":{"start":{"line":45,"column":17},"end":{"line":45,"column":64}},"5":{"start":{"line":47,"column":0},"end":{"line":47,"column":25}}},"fnMap":{},"branchMap":{},"s":{"0":1,"1":1,"2":1,"3":1,"4":1,"5":1},"f":{},"b":{},"_coverageSchema":"1a1c01bbd47fc00a2c39e90264f33305004495a9","hash":"b6299f7843d217868124804875026fc144cc70d6"}
}
